[2017-07-14 17:56:14,067][INFO][com.mchange.v2.log.MLog] MLog clients using log4j logging.
[2017-07-14 17:56:14,483][INFO][com.mchange.v2.c3p0.C3P0Registry] Initializing c3p0-0.9.1.2 [built 21-May-2007 15:04:56; debug? true; trace: 10]
[2017-07-14 17:56:14,600][INFO][com.mchange.v2.c3p0.impl.AbstractPoolBackedDataSource] Initializing c3p0 pool... com.mchange.v2.c3p0.ComboPooledDataSource [ acquireIncrement -> 3, acquireRetryAttempts -> 30, acquireRetryDelay -> 1000, autoCommitOnClose -> false, automaticTestTable -> null, breakAfterAcquireFailure -> false, checkoutTimeout -> 0, connectionCustomizerClassName -> null, connectionTesterClassName -> com.mchange.v2.c3p0.impl.DefaultConnectionTester, dataSourceName -> 1hge8vg9pi79f761mrcxf1|46dffdc3, debugUnreturnedConnectionStackTraces -> false, description -> null, driverClass -> org.postgresql.Driver, factoryClassLocation -> null, forceIgnoreUnresolvedTransactions -> false, identityToken -> 1hge8vg9pi79f761mrcxf1|46dffdc3, idleConnectionTestPeriod -> 0, initialPoolSize -> 3, jdbcUrl -> jdbc:postgresql://159.203.104.154:5432/bankaccount, maxAdministrativeTaskTime -> 0, maxConnectionAge -> 0, maxIdleTime -> 10800, maxIdleTimeExcessConnections -> 1800, maxPoolSize -> 15, maxStatements -> 0, maxStatementsPerConnection -> 0, minPoolSize -> 3, numHelperThreads -> 3, numThreadsAwaitingCheckoutDefaultUser -> 0, preferredTestQuery -> null, properties -> {user=******, password=******}, propertyCycle -> 0, testConnectionOnCheckin -> false, testConnectionOnCheckout -> false, unreturnedConnectionTimeout -> 0, usesTraditionalReflectiveProxies -> false ]
[2017-07-14 17:56:17,274][INFO][contentserver.core] ===================================================
[2017-07-14 17:56:17,275][INFO][contentserver.core] BANK ACCOUNT API - VERSION 1.1.0
[2017-07-14 17:56:17,275][INFO][contentserver.core] ===================================================
[2017-07-14 17:56:17,276][INFO][contentserver.utils.config] Loading configuration...
[2017-07-14 17:56:17,297][INFO][contentserver.utils.config] finished loading conf:  [3003 150000 40001 4 50000 20000 3]
[2017-07-14 17:56:17,297][INFO][contentserver.httpserver] initializing http server ...
[2017-07-14 17:56:17,324][ERROR][contentserver.core] start server E:  Error: port 3003 is already in use. java.net.BindException: Address already in use
[2017-07-14 17:56:40,288][INFO][com.mchange.v2.log.MLog] MLog clients using log4j logging.
[2017-07-14 17:56:40,434][INFO][com.mchange.v2.c3p0.C3P0Registry] Initializing c3p0-0.9.1.2 [built 21-May-2007 15:04:56; debug? true; trace: 10]
[2017-07-14 17:56:40,544][INFO][com.mchange.v2.c3p0.impl.AbstractPoolBackedDataSource] Initializing c3p0 pool... com.mchange.v2.c3p0.ComboPooledDataSource [ acquireIncrement -> 3, acquireRetryAttempts -> 30, acquireRetryDelay -> 1000, autoCommitOnClose -> false, automaticTestTable -> null, breakAfterAcquireFailure -> false, checkoutTimeout -> 0, connectionCustomizerClassName -> null, connectionTesterClassName -> com.mchange.v2.c3p0.impl.DefaultConnectionTester, dataSourceName -> 1hge8vg9pi79z7x7iemgi|46dffdc3, debugUnreturnedConnectionStackTraces -> false, description -> null, driverClass -> org.postgresql.Driver, factoryClassLocation -> null, forceIgnoreUnresolvedTransactions -> false, identityToken -> 1hge8vg9pi79z7x7iemgi|46dffdc3, idleConnectionTestPeriod -> 0, initialPoolSize -> 3, jdbcUrl -> jdbc:postgresql://159.203.104.154:5432/bankaccount, maxAdministrativeTaskTime -> 0, maxConnectionAge -> 0, maxIdleTime -> 10800, maxIdleTimeExcessConnections -> 1800, maxPoolSize -> 15, maxStatements -> 0, maxStatementsPerConnection -> 0, minPoolSize -> 3, numHelperThreads -> 3, numThreadsAwaitingCheckoutDefaultUser -> 0, preferredTestQuery -> null, properties -> {user=******, password=******}, propertyCycle -> 0, testConnectionOnCheckin -> false, testConnectionOnCheckout -> false, unreturnedConnectionTimeout -> 0, usesTraditionalReflectiveProxies -> false ]
[2017-07-14 17:56:43,974][INFO][contentserver.core] ===================================================
[2017-07-14 17:56:43,975][INFO][contentserver.core] BANK ACCOUNT API - VERSION 1.1.0
[2017-07-14 17:56:43,975][INFO][contentserver.core] ===================================================
[2017-07-14 17:56:43,975][INFO][contentserver.utils.config] Loading configuration...
[2017-07-14 17:56:43,992][INFO][contentserver.utils.config] finished loading conf:  [3003 150000 40001 4 50000 20000 3]
[2017-07-14 17:56:43,992][INFO][contentserver.httpserver] initializing http server ...
[2017-07-14 17:56:44,026][INFO][contentserver.httpserver] server started at port  3003
[2017-07-14 17:58:52,651][INFO][contentserver.httpserver] server shut down
[2017-07-14 17:58:58,030][INFO][com.mchange.v2.log.MLog] MLog clients using log4j logging.
[2017-07-14 17:58:58,512][INFO][com.mchange.v2.c3p0.C3P0Registry] Initializing c3p0-0.9.1.2 [built 21-May-2007 15:04:56; debug? true; trace: 10]
[2017-07-14 17:58:58,623][INFO][com.mchange.v2.c3p0.impl.AbstractPoolBackedDataSource] Initializing c3p0 pool... com.mchange.v2.c3p0.ComboPooledDataSource [ acquireIncrement -> 3, acquireRetryAttempts -> 30, acquireRetryDelay -> 1000, autoCommitOnClose -> false, automaticTestTable -> null, breakAfterAcquireFailure -> false, checkoutTimeout -> 0, connectionCustomizerClassName -> null, connectionTesterClassName -> com.mchange.v2.c3p0.impl.DefaultConnectionTester, dataSourceName -> 1hge8vg9pi7cxrl1wdf8y3|46dffdc3, debugUnreturnedConnectionStackTraces -> false, description -> null, driverClass -> org.postgresql.Driver, factoryClassLocation -> null, forceIgnoreUnresolvedTransactions -> false, identityToken -> 1hge8vg9pi7cxrl1wdf8y3|46dffdc3, idleConnectionTestPeriod -> 0, initialPoolSize -> 3, jdbcUrl -> jdbc:postgresql://159.203.104.154:5432/bankaccount, maxAdministrativeTaskTime -> 0, maxConnectionAge -> 0, maxIdleTime -> 10800, maxIdleTimeExcessConnections -> 1800, maxPoolSize -> 15, maxStatements -> 0, maxStatementsPerConnection -> 0, minPoolSize -> 3, numHelperThreads -> 3, numThreadsAwaitingCheckoutDefaultUser -> 0, preferredTestQuery -> null, properties -> {user=******, password=******}, propertyCycle -> 0, testConnectionOnCheckin -> false, testConnectionOnCheckout -> false, unreturnedConnectionTimeout -> 0, usesTraditionalReflectiveProxies -> false ]
[2017-07-14 17:59:01,176][INFO][contentserver.core] ===================================================
[2017-07-14 17:59:01,176][INFO][contentserver.core] BANK ACCOUNT API - VERSION 1.1.0
[2017-07-14 17:59:01,176][INFO][contentserver.core] ===================================================
[2017-07-14 17:59:01,177][INFO][contentserver.utils.config] Loading configuration...
[2017-07-14 17:59:01,193][INFO][contentserver.utils.config] finished loading conf:  [3003 150000 40001 4 50000 20000 3]
[2017-07-14 17:59:01,193][INFO][contentserver.httpserver] initializing http server ...
[2017-07-14 17:59:01,227][INFO][contentserver.httpserver] server started at port  3003
[2017-07-14 17:59:03,083][INFO][contentserver.httpserver] server shut down
